[2025-07-22 19:50:33] [WARNING] /secured 认证失败
[2025-07-22 19:50:39] [WARNING] /secured 认证失败
[2025-07-22 19:50:46] [WARNING] /secured 认证失败
[2025-07-22 19:50:48] [INFO] /secured 认证成功
[2025-07-22 19:50:48] [INFO] 静态文件访问: index.html
[2025-07-22 19:50:48] [INFO] 静态文件访问: ./css/style.css
[2025-07-22 19:50:48] [INFO] 静态文件访问: ./img/blog-banner.jpg
[2025-07-22 19:50:48] [INFO] 静态文件访问: ./img/post1.jpg
[2025-07-22 19:50:48] [INFO] 静态文件访问: ./img/post2.jpg
[2025-07-22 19:50:48] [INFO] 静态文件访问: ./img/post3.jpg
[2025-07-22 19:50:48] [INFO] 静态文件访问: ./js/script.js
[2025-07-22 19:50:52] [INFO] 静态文件访问: ./js/script.js
[2025-07-22 19:50:56] [INFO] 静态文件访问: ./css/style.css
[2025-07-22 19:51:00] [INFO] 静态文件访问: ./img/favicon.ico
[2025-07-22 19:51:12] [INFO] 静态文件访问: search.html
[2025-07-22 19:51:17] [INFO] /search 查询: class=2011101, keyword=
[2025-07-22 19:51:19] [INFO] 静态文件访问: search.html
[2025-07-22 19:51:24] [INFO] /search 查询: class=, keyword=张三
[2025-07-22 19:51:26] [INFO] 静态文件访问: search.html
[2025-07-22 19:51:29] [INFO] /search 查询: class=, keyword=男
[2025-07-22 19:51:31] [INFO] 静态文件访问: search.html
[2025-07-22 21:46:12] [WARNING] /secured 认证失败
[2025-07-22 21:46:15] [INFO] /secured 认证成功
[2025-07-22 21:46:15] [INFO] 静态文件访问: index.html
[2025-07-22 21:46:20] [INFO] 静态文件访问: ./js/script.js
[2025-07-22 21:46:20] [INFO] 静态文件访问: ./css/style.css
[2025-07-22 21:46:20] [INFO] 静态文件访问: ./img/blog-banner.jpg
[2025-07-22 21:46:20] [INFO] 静态文件访问: ./img/post1.jpg
[2025-07-22 21:46:20] [INFO] 静态文件访问: ./img/post2.jpg
[2025-07-22 21:46:20] [INFO] 静态文件访问: ./img/post3.jpg
[2025-07-22 21:46:32] [WARNING] 静态文件未找到: ./notexist.html
[2025-07-22 21:51:15] [WARNING] 静态文件未找到: ./login.html
[2025-07-22 22:11:09] [WARNING] /secured 认证失败
[2025-07-22 22:11:11] [INFO] /secured 认证成功
[2025-07-22 22:11:11] [INFO] 静态文件访问: index.html
[2025-07-22 22:11:16] [INFO] 静态文件访问: ./js/script.js
[2025-07-22 22:11:16] [INFO] 静态文件访问: ./css/style.css
[2025-07-22 22:11:16] [INFO] 静态文件访问: ./img/post3.jpg
[2025-07-22 22:11:16] [INFO] 静态文件访问: ./img/post2.jpg
[2025-07-22 22:11:16] [INFO] 静态文件访问: ./img/post1.jpg
[2025-07-22 22:11:16] [INFO] 静态文件访问: ./img/blog-banner.jpg
[2025-07-22 22:11:28] [WARNING] 静态文件未找到: ./notexist.heml
[2025-07-22 22:11:28] [WARNING] 静态文件未找到: ./favicon.ico
[2025-07-22 22:11:42] [WARNING] 静态文件未找到: ./etc/passwd
[2025-07-22 22:11:45] [INFO] 静态文件访问: index.html
[2025-07-22 22:11:45] [INFO] 静态文件访问: ./css/style.css
[2025-07-22 22:11:45] [INFO] 静态文件访问: ./js/script.js
[2025-07-22 22:11:45] [INFO] 静态文件访问: ./img/blog-banner.jpg
[2025-07-22 22:11:45] [INFO] 静态文件访问: ./img/post3.jpg
[2025-07-22 22:11:45] [INFO] 静态文件访问: ./img/post2.jpg
[2025-07-22 22:11:45] [INFO] 静态文件访问: ./img/post1.jpg
[2025-07-22 22:11:51] [WARNING] 静态文件未找到: ./etc
[2025-07-22 22:11:54] [INFO] 静态文件访问: index.html
[2025-07-22 22:11:54] [INFO] 静态文件访问: ./css/style.css
[2025-07-22 22:11:54] [INFO] 静态文件访问: ./js/script.js
[2025-07-22 22:11:54] [INFO] 静态文件访问: ./img/blog-banner.jpg
[2025-07-22 22:11:54] [INFO] 静态文件访问: ./img/post2.jpg
[2025-07-22 22:11:54] [INFO] 静态文件访问: ./img/post3.jpg
[2025-07-22 22:11:54] [INFO] 静态文件访问: ./img/post1.jpg
[2025-07-22 22:15:46] [WARNING] /secured 认证失败
[2025-07-22 22:15:48] [INFO] /secured 认证成功
[2025-07-22 22:15:48] [INFO] 静态文件访问: index.html
[2025-07-22 22:15:48] [INFO] 静态文件访问: ./css/style.css
[2025-07-22 22:15:48] [INFO] 静态文件访问: ./js/script.js
[2025-07-22 22:15:48] [INFO] 静态文件访问: ./img/blog-banner.jpg
[2025-07-22 22:15:48] [INFO] 静态文件访问: ./img/post1.jpg
[2025-07-22 22:15:48] [INFO] 静态文件访问: ./img/post2.jpg
[2025-07-22 22:15:48] [INFO] 静态文件访问: ./img/post3.jpg
[2025-07-22 22:16:20] [WARNING] /secured 认证失败
[2025-07-22 22:16:22] [INFO] /secured 认证成功
[2025-07-22 22:16:22] [INFO] 静态文件访问: index.html
[2025-07-22 22:16:22] [INFO] 静态文件访问: ./css/style.css
[2025-07-22 22:16:22] [INFO] 静态文件访问: ./js/script.js
[2025-07-22 22:16:22] [INFO] 静态文件访问: ./img/blog-banner.jpg
[2025-07-22 22:16:22] [INFO] 静态文件访问: ./img/post1.jpg
[2025-07-22 22:16:22] [INFO] 静态文件访问: ./img/post2.jpg
[2025-07-22 22:16:22] [INFO] 静态文件访问: ./img/post3.jpg
[2025-07-22 22:19:57] [WARNING] /secured 认证失败
[2025-07-22 22:19:59] [INFO] /secured 认证成功
[2025-07-22 22:19:59] [INFO] 静态文件访问: index.html
[2025-07-22 22:20:04] [INFO] 静态文件访问: ./js/script.js
[2025-07-22 22:20:04] [INFO] 静态文件访问: ./css/style.css
[2025-07-22 22:20:04] [INFO] 静态文件访问: ./img/post3.jpg
[2025-07-22 22:20:04] [INFO] 静态文件访问: ./img/post2.jpg
[2025-07-22 22:20:04] [INFO] 静态文件访问: ./img/post1.jpg
[2025-07-22 22:20:04] [INFO] 静态文件访问: ./img/blog-banner.jpg
[2025-07-22 22:20:23] [WARNING] 静态文件未找到: ./etc/passwd
[2025-07-22 22:20:27] [INFO] 静态文件访问: index.html
[2025-07-22 22:20:27] [INFO] 静态文件访问: ./css/style.css
[2025-07-22 22:20:27] [INFO] 静态文件访问: ./js/script.js
[2025-07-22 22:20:27] [INFO] 静态文件访问: ./img/blog-banner.jpg
[2025-07-22 22:20:27] [INFO] 静态文件访问: ./img/post1.jpg
[2025-07-22 22:20:27] [INFO] 静态文件访问: ./img/post2.jpg
[2025-07-22 22:20:27] [INFO] 静态文件访问: ./img/post3.jpg
[2025-07-22 22:22:04] [INFO] 静态文件访问: search.html
[2025-07-22 22:22:33] [WARNING] /secured 认证失败
[2025-07-22 22:22:35] [INFO] /secured 认证成功
[2025-07-22 22:22:35] [INFO] 静态文件访问: index.html
[2025-07-22 22:22:35] [INFO] 静态文件访问: ./css/style.css
[2025-07-22 22:22:35] [INFO] 静态文件访问: ./img/blog-banner.jpg
[2025-07-22 22:22:35] [INFO] 静态文件访问: ./img/post1.jpg
[2025-07-22 22:22:35] [INFO] 静态文件访问: ./img/post2.jpg
[2025-07-22 22:22:35] [INFO] 静态文件访问: ./img/post3.jpg
[2025-07-22 22:22:35] [INFO] 静态文件访问: ./js/script.js
[2025-07-22 22:23:34] [WARNING] /secured 认证失败
[2025-07-22 22:23:36] [INFO] /secured 认证成功
[2025-07-22 22:23:36] [INFO] 静态文件访问: index.html
[2025-07-22 22:23:36] [INFO] 静态文件访问: ./css/style.css
[2025-07-22 22:23:36] [INFO] 静态文件访问: ./js/script.js
[2025-07-22 22:23:36] [INFO] 静态文件访问: ./img/post2.jpg
[2025-07-22 22:23:36] [INFO] 静态文件访问: ./img/post3.jpg
[2025-07-22 22:23:36] [INFO] 静态文件访问: ./img/blog-banner.jpg
[2025-07-22 22:23:36] [INFO] 静态文件访问: ./img/post1.jpg
[2025-07-22 22:23:47] [WARNING] 静态文件未找到: ./notexist.html
[2025-07-22 22:23:47] [WARNING] 静态文件未找到: ./favicon.ico
[2025-07-22 22:23:49] [INFO] 静态文件访问: index.html
[2025-07-22 22:23:49] [INFO] 静态文件访问: ./css/style.css
[2025-07-22 22:23:49] [INFO] 静态文件访问: ./js/script.js
[2025-07-22 22:23:49] [INFO] 静态文件访问: ./img/blog-banner.jpg
[2025-07-22 22:23:49] [INFO] 静态文件访问: ./img/post1.jpg
[2025-07-22 22:23:49] [INFO] 静态文件访问: ./img/post2.jpg
[2025-07-22 22:23:49] [INFO] 静态文件访问: ./img/post3.jpg
[2025-07-22 22:23:59] [WARNING] 静态文件未找到: ./etc/passwd
[2025-07-22 22:26:53] [WARNING] /secured 认证失败
[2025-07-22 22:26:55] [INFO] /secured 认证成功
[2025-07-22 22:26:55] [INFO] 静态文件访问: index.html
[2025-07-22 22:26:55] [INFO] 静态文件访问: ./css/style.css
[2025-07-22 22:26:55] [INFO] 静态文件访问: ./img/post3.jpg
[2025-07-22 22:26:55] [INFO] 静态文件访问: ./img/blog-banner.jpg
[2025-07-22 22:26:55] [INFO] 静态文件访问: ./img/post1.jpg
[2025-07-22 22:26:55] [INFO] 静态文件访问: ./img/post2.jpg
[2025-07-22 22:26:55] [INFO] 静态文件访问: ./js/script.js
[2025-07-22 22:27:06] [WARNING] 静态文件未找到: ./etc/passwd
[2025-07-22 22:27:21] [WARNING] /secured 认证失败
[2025-07-22 22:27:23] [INFO] /secured 认证成功
[2025-07-22 22:27:23] [INFO] 静态文件访问: index.html
[2025-07-22 22:27:23] [INFO] 静态文件访问: ./css/style.css
[2025-07-22 22:27:23] [INFO] 静态文件访问: ./js/script.js
[2025-07-22 22:27:23] [INFO] 静态文件访问: ./img/blog-banner.jpg
[2025-07-22 22:27:23] [INFO] 静态文件访问: ./img/post1.jpg
[2025-07-22 22:27:23] [INFO] 静态文件访问: ./img/post2.jpg
[2025-07-22 22:27:23] [INFO] 静态文件访问: ./img/post3.jpg
[2025-07-22 22:27:33] [WARNING] 静态文件未找到: ./etc/passwd
[2025-07-22 22:27:41] [INFO] 静态文件访问: index.html
[2025-07-22 22:27:41] [INFO] 静态文件访问: ./css/style.css
[2025-07-22 22:27:41] [INFO] 静态文件访问: ./js/script.js
[2025-07-22 22:27:41] [INFO] 静态文件访问: ./img/blog-banner.jpg
[2025-07-22 22:27:41] [INFO] 静态文件访问: ./img/post1.jpg
[2025-07-22 22:27:41] [INFO] 静态文件访问: ./img/post2.jpg
[2025-07-22 22:27:41] [INFO] 静态文件访问: ./img/post3.jpg
[2025-07-22 22:29:42] [WARNING] /secured 认证失败
[2025-07-22 22:29:47] [WARNING] /secured 认证失败
[2025-07-22 22:29:53] [WARNING] /secured 认证失败
[2025-07-22 22:29:54] [INFO] /secured 认证成功
[2025-07-22 22:29:54] [INFO] 静态文件访问: index.html
[2025-07-22 22:29:54] [INFO] 静态文件访问: ./css/style.css
[2025-07-22 22:29:54] [INFO] 静态文件访问: ./js/script.js
[2025-07-22 22:29:54] [INFO] 静态文件访问: ./img/blog-banner.jpg
[2025-07-22 22:29:54] [INFO] 静态文件访问: ./img/post1.jpg
[2025-07-22 22:29:54] [INFO] 静态文件访问: ./img/post2.jpg
[2025-07-22 22:29:54] [INFO] 静态文件访问: ./img/post3.jpg
[2025-07-22 22:29:59] [INFO] 静态文件访问: ./js/script.js
[2025-07-22 22:30:03] [INFO] 静态文件访问: ./css/style.css
[2025-07-22 22:30:07] [INFO] 静态文件访问: ./img/favicon.ico
[2025-07-22 22:30:14] [INFO] 静态文件访问: search.html
[2025-07-22 22:30:18] [INFO] /search 查询: class=2011101, keyword=
[2025-07-22 22:30:20] [INFO] 静态文件访问: search.html
[2025-07-22 22:30:24] [INFO] /search 查询: class=, keyword=张三
[2025-07-22 22:30:25] [INFO] 静态文件访问: search.html
[2025-07-22 22:30:28] [INFO] /search 查询: class=, keyword=男
[2025-07-22 22:30:29] [INFO] 静态文件访问: search.html
[2025-07-22 22:30:54] [WARNING] 静态文件未找到: ./notexist.html
[2025-07-30 22:37:46] [WARNING] /secured 认证失败
[2025-07-30 22:37:50] [INFO] /secured 认证成功
[2025-07-30 22:37:50] [INFO] 静态文件访问: index.html
[2025-07-30 22:37:50] [INFO] 静态文件访问: ./css/style.css
[2025-07-30 22:37:50] [INFO] 静态文件访问: ./js/script.js
[2025-07-30 22:37:51] [INFO] 静态文件访问: ./img/blog-banner.jpg
[2025-07-30 22:37:51] [INFO] 静态文件访问: ./img/post1.jpg
[2025-07-30 22:37:51] [INFO] 静态文件访问: ./img/post2.jpg
[2025-07-30 22:37:51] [INFO] 静态文件访问: ./img/post3.jpg
[2025-07-30 22:39:39] [WARNING] /secured 认证失败
[2025-07-30 22:39:41] [INFO] /secured 认证成功
[2025-07-30 22:39:41] [INFO] 静态文件访问: index.html
[2025-07-30 22:39:41] [INFO] 静态文件访问: ./css/style.css
[2025-07-30 22:39:41] [INFO] 静态文件访问: ./js/script.js
[2025-07-30 22:39:42] [INFO] 静态文件访问: ./img/blog-banner.jpg
[2025-07-30 22:39:42] [INFO] 静态文件访问: ./img/post1.jpg
[2025-07-30 22:39:42] [INFO] 静态文件访问: ./img/post2.jpg
[2025-07-30 22:39:42] [INFO] 静态文件访问: ./img/post3.jpg
[2025-07-30 22:39:44] [INFO] 静态文件访问: search.html
[2025-07-30 22:39:44] [WARNING] 静态文件未找到: ./favicon.ico
[2025-07-30 22:42:07] [WARNING] /secured 认证失败
[2025-07-30 22:43:12] [WARNING] /secured 认证失败
[2025-07-30 22:43:21] [WARNING] /secured 认证失败
[2025-07-30 22:43:25] [WARNING] /secured 认证失败
[2025-07-30 22:43:27] [WARNING] /secured 认证失败
[2025-07-30 22:43:28] [INFO] /secured 认证成功
[2025-07-30 22:43:28] [INFO] 静态文件访问: index.html
[2025-07-30 22:43:28] [INFO] 静态文件访问: ./css/style.css
[2025-07-30 22:43:28] [INFO] 静态文件访问: ./img/blog-banner.jpg
[2025-07-30 22:43:28] [INFO] 静态文件访问: ./js/script.js
[2025-07-30 22:43:28] [INFO] 静态文件访问: ./img/post1.jpg
[2025-07-30 22:43:28] [INFO] 静态文件访问: ./img/post2.jpg
[2025-07-30 22:43:28] [INFO] 静态文件访问: ./img/post3.jpg
[2025-07-30 22:43:46] [WARNING] /secured 认证失败
[2025-07-30 22:43:50] [WARNING] /secured 认证失败
[2025-07-30 22:43:53] [WARNING] /secured 认证失败
[2025-07-30 22:44:28] [WARNING] /secured 认证失败
[2025-07-30 22:44:31] [WARNING] 静态文件未找到: ./favicon.ico
[2025-07-30 22:44:36] [WARNING] /secured 认证失败
[2025-07-30 22:44:59] [INFO] /secured 认证成功
[2025-07-30 22:44:59] [INFO] 静态文件访问: index.html
[2025-07-30 22:44:59] [INFO] 静态文件访问: ./css/style.css
[2025-07-30 22:44:59] [INFO] 静态文件访问: ./img/post3.jpg
[2025-07-30 22:44:59] [INFO] 静态文件访问: ./img/blog-banner.jpg
[2025-07-30 22:44:59] [INFO] 静态文件访问: ./img/post1.jpg
[2025-07-30 22:44:59] [INFO] 静态文件访问: ./img/post2.jpg
[2025-07-30 22:44:59] [INFO] 静态文件访问: ./js/script.js
[2025-07-30 22:44:59] [INFO] 静态文件访问: ./img/favicon.ico
